<?xml version="1.0" encoding="UTF-8"?>
<!-- Generated by org.testng.reporters.JUnitReportReporter -->
<testsuite hostname="Richard_Ntb" failures="0" tests="4" name="org.example.AppTest" time="15.959" errors="0" timestamp="2022-11-03T10:36:08 SEÄŒ" skipped="0">
  <testcase classname="org.example.AppTest" name="testPlus" time="3.979"/>
  <system-out/>
  <testcase classname="org.example.AppTest" name="testMulti" time="4.031"/>
  <system-out/>
  <testcase classname="org.example.AppTest" name="testDivision" time="3.520"/>
  <system-out/>
  <testcase classname="org.example.AppTest" name="testMinus" time="4.429"/>
  <system-out/>
</testsuite> <!-- org.example.AppTest -->
